

Microchip Technology PIC18 LITE Macro Assembler V1.44 build -154322312 
                                                                                               Wed Dec 13 21:06:21 2017

Microchip Technology Omniscient Code Generator v1.44 (Free mode) build 201709140600
     1                           	processor	18F4520
     2                           	fnconf	rparam,??,?,0
     3                           	opt	pw 120
     4                           	opt	lm
     5                           	psect	idataCOMRAM,global,class=CODE,delta=1,noexec
     6                           	psect	cinit,global,reloc=2,class=CODE,delta=1
     7                           	psect	bssCOMRAM,global,class=COMRAM,space=1,delta=1,noexec
     8                           	psect	dataCOMRAM,global,class=COMRAM,space=1,delta=1,noexec
     9                           	psect	cstackCOMRAM,global,class=COMRAM,space=1,delta=1,noexec
    10                           	psect	text0,global,reloc=2,class=CODE,delta=1
    11                           	psect	text1,global,reloc=2,class=CODE,delta=1,group=1
    12                           	psect	text2,global,reloc=2,class=CODE,delta=1,group=1
    13                           	psect	text3,global,reloc=2,class=CODE,delta=1,group=1
    14                           	psect	text4,global,reloc=2,class=CODE,delta=1,group=1
    15                           	psect	text5,global,reloc=2,class=CODE,delta=1,group=1
    16                           	psect	intsave_regs,global,class=BIGRAM,space=1,delta=1,noexec
    17                           	psect	rparam,global,class=COMRAM,space=1,delta=1,noexec
    18  0000                     
    19                           ; Version 1.44
    20                           ; Generated 14/09/2017 GMT
    21                           ; 
    22                           ; Copyright © 2017, Microchip Technology Inc. and its subsidiaries ("Microchip")
    23                           ; All rights reserved.
    24                           ; 
    25                           ; This software is developed by Microchip Technology Inc. and its subsidiaries ("Microch
      +                          ip").
    26                           ; 
    27                           ; Redistribution and use in source and binary forms, with or without modification, are
    28                           ; permitted provided that the following conditions are met:
    29                           ; 
    30                           ;     1. Redistributions of source code must retain the above copyright notice, this lis
      +                          t of
    31                           ;        conditions and the following disclaimer.
    32                           ; 
    33                           ;     2. Redistributions in binary form must reproduce the above copyright notice, this 
      +                          list
    34                           ;        of conditions and the following disclaimer in the documentation and/or other
    35                           ;        materials provided with the distribution.
    36                           ; 
    37                           ;     3. Microchip's name may not be used to endorse or promote products derived from th
      +                          is
    38                           ;        software without specific prior written permission.
    39                           ; 
    40                           ; THIS SOFTWARE IS PROVIDED BY MICROCHIP "AS IS" AND ANY EXPRESS OR IMPLIED WARRANTIES,
    41                           ; INCLUDING, BUT NOT LIMITED TO, THE IMPLIED WARRANTIES OF MERCHANTABILITY AND FITNESS F
      +                          OR
    42                           ; PURPOSE ARE DISCLAIMED.  IN NO EVENT SHALL MICROCHIP BE LIABLE FOR ANY DIRECT, INDIREC
      +                          T,
    43                           ; INCIDENTAL, SPECIAL, EXEMPLARY, OR CONSEQUENTIAL DAMAGES (INCLUDING BUT NOT LIMITED TO
    44                           ; PROCUREMENT OF SUBSTITUTE GOODS OR SERVICES; LOSS OF USE, DATA OR PROFITS; OR BUSINESS
    45                           ; INTERRUPTION) HOWSOEVER CAUSED AND ON ANY THEORY OF LIABILITY, WHETHER IN CONTRACT, ST
      +                          RICT
    46                           ; LIABILITY, OR TORT (INCLUDING NEGLIGENCE OR OTHERWISE) ARISING IN ANY WAY OUT OF THE U
      +                          SE OF
    47                           ; THIS SOFTWARE, EVEN IF ADVISED OF THE POSSIBILITY OF SUCH DAMAGE.
    48                           ; 
    49                           ; 
    50                           ; Code-generator required, PIC18F4520 Definitions
    51                           ; 
    52                           ; SFR Addresses
    53  0000                     
    54                           	psect	idataCOMRAM
    55  007B2F                     __pidataCOMRAM:
    56                           	opt stack 0
    57                           
    58                           ;initializer for _I2C_Send
    59  007B2F  4D                 	db	77
    60  007B30  49                 	db	73
    61  007B31  43                 	db	67
    62  007B32  52                 	db	82
    63  007B33  4F                 	db	79
    64  007B34  43                 	db	67
    65  007B35  48                 	db	72
    66  007B36  49                 	db	73
    67  007B37  50                 	db	80
    68  007B38  3A                 	db	58
    69  007B39  49                 	db	73
    70  007B3A  32                 	db	50
    71  007B3B  43                 	db	67
    72  007B3C  5F                 	db	95
    73  007B3D  53                 	db	83
    74  007B3E  4C                 	db	76
    75  007B3F  41                 	db	65
    76  007B40  56                 	db	86
    77  007B41  45                 	db	69
    78  007B42  00                 	db	0
    79  007B43  00                 	db	0
    80  0000                     _TRISCbits	set	3988
    81  0000                     _SSPCON2bits	set	4037
    82  0000                     _SSPSTATbits	set	4039
    83  0000                     _SSPBUF	set	4041
    84  0000                     _PIR1bits	set	3998
    85  0000                     _SSPCON1bits	set	4038
    86  0000                     _SSPCON2	set	4037
    87  0000                     _SSPSTAT	set	4039
    88  0000                     __SSPSTATbits	set	4039
    89  0000                     _SSPADD	set	4040
    90  0000                     _SSPCON1	set	4038
    91                           
    92                           ; #config settings
    93  0000                     
    94                           	psect	cinit
    95  007B7E                     __pcinit:
    96                           	opt stack 0
    97  007B7E                     start_initialization:
    98                           	opt stack 0
    99  007B7E                     __initialization:
   100                           	opt stack 0
   101                           
   102                           ; Initialize objects allocated to COMRAM (21 bytes)
   103                           ; load TBLPTR registers with __pidataCOMRAM
   104  007B7E  0E2F               	movlw	low __pidataCOMRAM
   105  007B80  6EF6               	movwf	tblptrl,c
   106  007B82  0E7B               	movlw	high __pidataCOMRAM
   107  007B84  6EF7               	movwf	tblptrh,c
   108  007B86  0E00               	movlw	low (__pidataCOMRAM shr (0+16))
   109  007B88  6EF8               	movwf	tblptru,c
   110  007B8A  EE00  F016         	lfsr	0,__pdataCOMRAM
   111  007B8E  EE10 F015          	lfsr	1,21
   112  007B92                     copy_data0:
   113  007B92  0009               	tblrd		*+
   114  007B94  CFF5 FFEE          	movff	tablat,postinc0
   115  007B98  50E5               	movf	postdec1,w,c
   116  007B9A  50E1               	movf	fsr1l,w,c
   117  007B9C  E1FA               	bnz	copy_data0
   118                           
   119                           ; Clear objects allocated to COMRAM (21 bytes)
   120  007B9E  EE00  F001         	lfsr	0,__pbssCOMRAM
   121  007BA2  0E15               	movlw	21
   122  007BA4                     clear_0:
   123  007BA4  6AEE               	clrf	postinc0,c
   124  007BA6  06E8               	decf	wreg,f,c
   125  007BA8  E1FD               	bnz	clear_0
   126  007BAA                     end_of_initialization:
   127                           	opt stack 0
   128  007BAA                     __end_of__initialization:
   129                           	opt stack 0
   130  007BAA  0100               	movlb	0
   131  007BAC  EF31  F03E         	goto	_main	;jump to C main() function
   132                           tblptru	equ	0xFF8
   133                           tblptrh	equ	0xFF7
   134                           tblptrl	equ	0xFF6
   135                           tablat	equ	0xFF5
   136                           postinc0	equ	0xFEE
   137                           wreg	equ	0xFE8
   138                           postdec1	equ	0xFE5
   139                           fsr1l	equ	0xFE1
   140                           
   141                           	psect	bssCOMRAM
   142  000001                     __pbssCOMRAM:
   143                           	opt stack 0
   144  000001                     _I2C_Recv:
   145                           	opt stack 0
   146  000001                     	ds	21
   147                           tblptru	equ	0xFF8
   148                           tblptrh	equ	0xFF7
   149                           tblptrl	equ	0xFF6
   150                           tablat	equ	0xFF5
   151                           postinc0	equ	0xFEE
   152                           wreg	equ	0xFE8
   153                           postdec1	equ	0xFE5
   154                           fsr1l	equ	0xFE1
   155                           
   156                           	psect	dataCOMRAM
   157  000016                     __pdataCOMRAM:
   158                           	opt stack 0
   159  000016                     _I2C_Send:
   160                           	opt stack 0
   161  000016                     	ds	21
   162                           tblptru	equ	0xFF8
   163                           tblptrh	equ	0xFF7
   164                           tblptrl	equ	0xFF6
   165                           tablat	equ	0xFF5
   166                           postinc0	equ	0xFEE
   167                           wreg	equ	0xFE8
   168                           postdec1	equ	0xFE5
   169                           fsr1l	equ	0xFE1
   170                           
   171                           	psect	cstackCOMRAM
   172  00002B                     __pcstackCOMRAM:
   173                           	opt stack 0
   174  00002B                     ??_IdleI2C:
   175  00002B                     OpenI2C@slew:
   176                           	opt stack 0
   177                           
   178                           ; 1 bytes @ 0x0
   179  00002B                     	ds	1
   180  00002C                     OpenI2C@sync_mode:
   181                           	opt stack 0
   182  00002C                     WriteI2C@data_out:
   183                           	opt stack 0
   184                           
   185                           ; 1 bytes @ 0x1
   186  00002C                     	ds	1
   187  00002D                     putsI2C@wrptr:
   188                           	opt stack 0
   189                           
   190                           ; 2 bytes @ 0x2
   191  00002D                     	ds	2
   192  00002F                     putsI2C@temp:
   193                           	opt stack 0
   194                           
   195                           ; 1 bytes @ 0x4
   196  00002F                     	ds	1
   197  000030                     main@temp:
   198                           	opt stack 0
   199                           
   200                           ; 1 bytes @ 0x5
   201  000030                     	ds	1
   202  000031                     main@sync_mode:
   203                           	opt stack 0
   204                           
   205                           ; 1 bytes @ 0x6
   206  000031                     	ds	1
   207  000032                     main@slew:
   208                           	opt stack 0
   209                           
   210                           ; 1 bytes @ 0x7
   211  000032                     	ds	1
   212  000033                     main@length:
   213                           	opt stack 0
   214                           
   215                           ; 1 bytes @ 0x8
   216  000033                     	ds	1
   217  000034                     main@i:
   218                           	opt stack 0
   219                           
   220                           ; 1 bytes @ 0x9
   221  000034                     	ds	1
   222                           tblptru	equ	0xFF8
   223                           tblptrh	equ	0xFF7
   224                           tblptrl	equ	0xFF6
   225                           tablat	equ	0xFF5
   226                           postinc0	equ	0xFEE
   227                           wreg	equ	0xFE8
   228                           postdec1	equ	0xFE5
   229                           fsr1l	equ	0xFE1
   230                           
   231 ;;
   232 ;;Main: autosize = 0, tempsize = 0, incstack = 0, save=0
   233 ;;
   234 ;; *************** function _main *****************
   235 ;; Defined at:
   236 ;;		line 67 in file "newmain.c"
   237 ;; Parameters:    Size  Location     Type
   238 ;;		None
   239 ;; Auto vars:     Size  Location     Type
   240 ;;  i               1    9[COMRAM] unsigned char 
   241 ;;  length          1    8[COMRAM] unsigned char 
   242 ;;  slew            1    7[COMRAM] unsigned char 
   243 ;;  sync_mode       1    6[COMRAM] unsigned char 
   244 ;;  temp            1    5[COMRAM] unsigned char 
   245 ;;  status          1    0        unsigned char 
   246 ;;  add1            1    0        unsigned char 
   247 ;; Return value:  Size  Location     Type
   248 ;;                  1    wreg      void 
   249 ;; Registers used:
   250 ;;		wreg, fsr2l, fsr2h, status,2, status,0, prodl, prodh, cstack
   251 ;; Tracked objects:
   252 ;;		On entry : 0/0
   253 ;;		On exit  : 0/0
   254 ;;		Unchanged: 0/0
   255 ;; Data sizes:     COMRAM   BANK0   BANK1   BANK2   BANK3   BANK4   BANK5
   256 ;;      Params:         0       0       0       0       0       0       0
   257 ;;      Locals:         5       0       0       0       0       0       0
   258 ;;      Temps:          0       0       0       0       0       0       0
   259 ;;      Totals:         5       0       0       0       0       0       0
   260 ;;Total ram usage:        5 bytes
   261 ;; Hardware stack levels required when called:    3
   262 ;; This function calls:
   263 ;;		_OpenI2C
   264 ;;		_ReadI2C
   265 ;;		_putsI2C
   266 ;; This function is called by:
   267 ;;		Startup code after reset
   268 ;; This function uses a non-reentrant model
   269 ;;
   270                           
   271                           	psect	text0
   272  007C62                     __ptext0:
   273                           	opt stack 0
   274  007C62                     _main:
   275                           	opt stack 28
   276                           
   277                           ;newmain.c: 68: unsigned char sync_mode=0, slew = 0,add1,status,temp,i,length=0;
   278                           
   279                           ;incstack = 0
   280  007C62  0E00               	movlw	0
   281  007C64  6E31               	movwf	main@sync_mode,c
   282  007C66  0E00               	movlw	0
   283  007C68  6E32               	movwf	main@slew,c
   284  007C6A  0E00               	movlw	0
   285  007C6C  6E33               	movwf	main@length,c
   286                           
   287                           ;newmain.c: 69: for(i=0;i<21;i++)
   288  007C6E  0E00               	movlw	0
   289  007C70  6E34               	movwf	main@i,c
   290  007C72                     l945:
   291  007C72  0E14               	movlw	20
   292  007C74  6434               	cpfsgt	main@i,c
   293  007C76  D001               	goto	l23
   294  007C78  D00C               	goto	u380
   295  007C7A                     l23:
   296                           
   297                           ;newmain.c: 70: I2C_Recv[i]=0;
   298  007C7A  5034               	movf	main@i,w,c
   299  007C7C  0D01               	mullw	1
   300  007C7E  0E01               	movlw	low _I2C_Recv
   301  007C80  24F3               	addwf	prodl,w,c
   302  007C82  6ED9               	movwf	fsr2l,c
   303  007C84  0E00               	movlw	high _I2C_Recv
   304  007C86  20F4               	addwfc	prodh,w,c
   305  007C88  6EDA               	movwf	fsr2h,c
   306  007C8A  0E00               	movlw	0
   307  007C8C  6EDF               	movwf	indf2,c
   308  007C8E  2A34               	incf	main@i,f,c
   309  007C90  D7F0               	goto	l945
   310  007C92                     u380:
   311                           
   312                           ;newmain.c: 72: SSPCON1 &=0xDF;
   313  007C92  9AC6               	bcf	4038,5,c	;volatile
   314                           
   315                           ;newmain.c: 74: sync_mode = 0b00000110;
   316  007C94  0E06               	movlw	6
   317  007C96  6E31               	movwf	main@sync_mode,c
   318                           
   319                           ;newmain.c: 75: slew = 0b10000000;
   320  007C98  0E80               	movlw	128
   321  007C9A  6E32               	movwf	main@slew,c
   322                           
   323                           ;newmain.c: 76: OpenI2C(sync_mode,slew);
   324  007C9C  C032  F02B         	movff	main@slew,OpenI2C@slew
   325  007CA0  5031               	movf	main@sync_mode,w,c
   326  007CA2  ECB0  F03D         	call	_OpenI2C
   327                           
   328                           ;newmain.c: 79: SSPADD=0xa2;
   329  007CA6  0EA2               	movlw	162
   330  007CA8  6EC8               	movwf	4040,c	;volatile
   331  007CAA  A0C7               	btfss	4039,0,c	;volatile
   332  007CAC  D7FE               	goto	l26
   333                           
   334                           ;newmain.c: 83: temp=ReadI2C();
   335  007CAE  ECA2  F03D         	call	_ReadI2C	;wreg free
   336  007CB2  6E30               	movwf	main@temp,c
   337  007CB4                     
   338                           ;newmain.c: 86: while((_SSPSTATbits.BF)==0);
   339  007CB4  A0C7               	btfss	4039,0,c	;volatile
   340  007CB6  D7FE               	goto	l28
   341                           
   342                           ;newmain.c: 87: I2C_Recv[length++]=ReadI2C();
   343  007CB8  5033               	movf	main@length,w,c
   344  007CBA  0D01               	mullw	1
   345  007CBC  0E01               	movlw	low _I2C_Recv
   346  007CBE  24F3               	addwf	prodl,w,c
   347  007CC0  6ED9               	movwf	fsr2l,c
   348  007CC2  0E00               	movlw	high _I2C_Recv
   349  007CC4  20F4               	addwfc	prodh,w,c
   350  007CC6  6EDA               	movwf	fsr2h,c
   351  007CC8  ECA2  F03D         	call	_ReadI2C	;wreg free
   352  007CCC  6EDF               	movwf	indf2,c
   353  007CCE  2A33               	incf	main@length,f,c
   354                           
   355                           ;newmain.c: 88: }while(length!=20);
   356  007CD0  0E14               	movlw	20
   357  007CD2  1833               	xorwf	main@length,w,c
   358  007CD4  A4D8               	btfss	status,2,c
   359  007CD6  D7EE               	goto	l28
   360  007CD8                     u410:
   361                           
   362                           ;newmain.c: 90: while(_SSPSTATbits.S != 1);
   363  007CD8  A6C7               	btfss	4039,3,c	;volatile
   364  007CDA  D7FE               	goto	u410
   365  007CDC                     u420:
   366                           
   367                           ;newmain.c: 92: while((_SSPSTATbits.BF)==0);
   368  007CDC  A0C7               	btfss	4039,0,c	;volatile
   369  007CDE  D7FE               	goto	u420
   370                           
   371                           ;newmain.c: 93: temp=ReadI2C();
   372  007CE0  ECA2  F03D         	call	_ReadI2C	;wreg free
   373  007CE4  6E30               	movwf	main@temp,c
   374                           
   375                           ;newmain.c: 95: if(SSPSTAT & 0x04)
   376  007CE6  A4C7               	btfss	4039,2,c	;volatile
   377  007CE8  D009               	goto	u450
   378  007CEA                     u440:
   379                           
   380                           ;newmain.c: 96: while(putsI2C(I2C_Send));
   381  007CEA  0E16               	movlw	low _I2C_Send
   382  007CEC  6E2D               	movwf	putsI2C@wrptr,c
   383  007CEE  0E00               	movlw	high _I2C_Send
   384  007CF0  6E2E               	movwf	putsI2C@wrptr+1,c
   385  007CF2  ECD8  F03D         	call	_putsI2C	;wreg free
   386  007CF6  0900               	iorlw	0
   387  007CF8  A4D8               	btfss	status,2,c
   388  007CFA  D7F7               	goto	u440
   389  007CFC                     u450:
   390                           
   391                           ;newmain.c: 98: SSPCON1 &=0xDF;
   392  007CFC  9AC6               	bcf	4038,5,c	;volatile
   393  007CFE                     l43:
   394  007CFE  D7FF               	goto	l43
   395  007D00                     __end_of_main:
   396                           	opt stack 0
   397                           tblptru	equ	0xFF8
   398                           tblptrh	equ	0xFF7
   399                           tblptrl	equ	0xFF6
   400                           tablat	equ	0xFF5
   401                           prodh	equ	0xFF4
   402                           prodl	equ	0xFF3
   403                           postinc0	equ	0xFEE
   404                           wreg	equ	0xFE8
   405                           postdec1	equ	0xFE5
   406                           fsr1l	equ	0xFE1
   407                           indf2	equ	0xFDF
   408                           fsr2h	equ	0xFDA
   409                           fsr2l	equ	0xFD9
   410                           status	equ	0xFD8
   411                           
   412 ;; *************** function _putsI2C *****************
   413 ;; Defined at:
   414 ;;		line 19 in file "C:\Program Files\Microchip\xc8\v1.44\sources\pic18\plib\i2c\i2c_puts.c"
   415 ;; Parameters:    Size  Location     Type
   416 ;;  wrptr           2    2[COMRAM] PTR unsigned char 
   417 ;;		 -> I2C_Send(21), 
   418 ;; Auto vars:     Size  Location     Type
   419 ;;  temp            1    4[COMRAM] unsigned char 
   420 ;; Return value:  Size  Location     Type
   421 ;;                  1    wreg      char 
   422 ;; Registers used:
   423 ;;		wreg, fsr2l, fsr2h, status,2, status,0, cstack
   424 ;; Tracked objects:
   425 ;;		On entry : 0/0
   426 ;;		On exit  : 0/0
   427 ;;		Unchanged: 0/0
   428 ;; Data sizes:     COMRAM   BANK0   BANK1   BANK2   BANK3   BANK4   BANK5
   429 ;;      Params:         2       0       0       0       0       0       0
   430 ;;      Locals:         1       0       0       0       0       0       0
   431 ;;      Temps:          0       0       0       0       0       0       0
   432 ;;      Totals:         3       0       0       0       0       0       0
   433 ;;Total ram usage:        3 bytes
   434 ;; Hardware stack levels used:    1
   435 ;; Hardware stack levels required when called:    2
   436 ;; This function calls:
   437 ;;		_WriteI2C
   438 ;; This function is called by:
   439 ;;		_main
   440 ;; This function uses a non-reentrant model
   441 ;;
   442                           
   443                           	psect	text1
   444  007BB0                     __ptext1:
   445                           	opt stack 0
   446  007BB0                     _putsI2C:
   447                           	opt stack 28
   448                           
   449                           ;incstack = 0
   450  007BB0  D020               	goto	l70
   451  007BB2                     l71:
   452  007BB2  A6C6               	btfss	4038,3,c	;volatile
   453  007BB4  D00D               	goto	l72
   454  007BB6  C02D  FFD9         	movff	putsI2C@wrptr,fsr2l
   455  007BBA  C02E  FFDA         	movff	putsI2C@wrptr+1,fsr2h
   456  007BBE  50DF               	movf	indf2,w,c
   457  007BC0  EC02  F03E         	call	_WriteI2C
   458  007BC4  6E2F               	movwf	putsI2C@temp,c
   459  007BC6  502F               	movf	putsI2C@temp,w,c
   460  007BC8  B4D8               	btfsc	status,2,c
   461  007BCA  D011               	goto	l79
   462  007BCC  502F               	movf	putsI2C@temp,w,c
   463  007BCE  0012               	return	
   464  007BD0                     l72:
   465  007BD0  969E               	bcf	3998,3,c	;volatile
   466  007BD2  C02D  FFD9         	movff	putsI2C@wrptr,fsr2l
   467  007BD6  C02E  FFDA         	movff	putsI2C@wrptr+1,fsr2h
   468  007BDA  50DF               	movf	indf2,w,c
   469  007BDC  6EC9               	movwf	4041,c	;volatile
   470  007BDE  88C6               	bsf	4038,4,c	;volatile
   471  007BE0  A69E               	btfss	3998,3,c	;volatile
   472  007BE2  D7FE               	goto	l77
   473  007BE4  B8C6               	btfsc	4038,4,c	;volatile
   474  007BE6  B0C7               	btfsc	4039,0,c	;volatile
   475  007BE8  D002               	goto	l79
   476  007BEA  0EFE               	movlw	254
   477  007BEC  0012               	return	
   478  007BEE                     l79:
   479  007BEE  4A2D               	infsnz	putsI2C@wrptr,f,c
   480  007BF0  2A2E               	incf	putsI2C@wrptr+1,f,c
   481  007BF2                     l70:
   482  007BF2  C02D  FFD9         	movff	putsI2C@wrptr,fsr2l
   483  007BF6  C02E  FFDA         	movff	putsI2C@wrptr+1,fsr2h
   484  007BFA  50DF               	movf	indf2,w,c
   485  007BFC  A4D8               	btfss	status,2,c
   486  007BFE  D7D9               	goto	l71
   487  007C00  0E00               	movlw	0
   488  007C02  0012               	return	
   489  007C04                     __end_of_putsI2C:
   490                           	opt stack 0
   491                           tblptru	equ	0xFF8
   492                           tblptrh	equ	0xFF7
   493                           tblptrl	equ	0xFF6
   494                           tablat	equ	0xFF5
   495                           prodh	equ	0xFF4
   496                           prodl	equ	0xFF3
   497                           postinc0	equ	0xFEE
   498                           wreg	equ	0xFE8
   499                           postdec1	equ	0xFE5
   500                           fsr1l	equ	0xFE1
   501                           indf2	equ	0xFDF
   502                           fsr2h	equ	0xFDA
   503                           fsr2l	equ	0xFD9
   504                           status	equ	0xFD8
   505                           
   506 ;; *************** function _WriteI2C *****************
   507 ;; Defined at:
   508 ;;		line 12 in file "C:\Program Files\Microchip\xc8\v1.44\sources\pic18\plib\i2c\i2c_writ.c"
   509 ;; Parameters:    Size  Location     Type
   510 ;;  data_out        1    wreg     unsigned char 
   511 ;; Auto vars:     Size  Location     Type
   512 ;;  data_out        1    1[COMRAM] unsigned char 
   513 ;; Return value:  Size  Location     Type
   514 ;;                  1    wreg      char 
   515 ;; Registers used:
   516 ;;		wreg, status,2, status,0, cstack
   517 ;; Tracked objects:
   518 ;;		On entry : 0/0
   519 ;;		On exit  : 0/0
   520 ;;		Unchanged: 0/0
   521 ;; Data sizes:     COMRAM   BANK0   BANK1   BANK2   BANK3   BANK4   BANK5
   522 ;;      Params:         0       0       0       0       0       0       0
   523 ;;      Locals:         1       0       0       0       0       0       0
   524 ;;      Temps:          0       0       0       0       0       0       0
   525 ;;      Totals:         1       0       0       0       0       0       0
   526 ;;Total ram usage:        1 bytes
   527 ;; Hardware stack levels used:    1
   528 ;; Hardware stack levels required when called:    1
   529 ;; This function calls:
   530 ;;		_IdleI2C
   531 ;; This function is called by:
   532 ;;		_putsI2C
   533 ;; This function uses a non-reentrant model
   534 ;;
   535                           
   536                           	psect	text2
   537  007C04                     __ptext2:
   538                           	opt stack 0
   539  007C04                     _WriteI2C:
   540                           	opt stack 28
   541                           
   542                           ;incstack = 0
   543                           ;WriteI2C@data_out stored from wreg
   544  007C04  6E2C               	movwf	WriteI2C@data_out,c
   545  007C06  C02C  FFC9         	movff	WriteI2C@data_out,4041	;volatile
   546  007C0A  AEC6               	btfss	4038,7,c	;volatile
   547  007C0C  D002               	goto	l114
   548  007C0E  0EFF               	movlw	255
   549  007C10  0012               	return	
   550  007C12                     l114:
   551  007C12  50C6               	movf	4038,w,c	;volatile
   552  007C14  0B0F               	andlw	15
   553  007C16  0A08               	xorlw	8
   554  007C18  B4D8               	btfsc	status,2,c
   555  007C1A  D00F               	goto	l117
   556  007C1C  50C6               	movf	4038,w,c	;volatile
   557  007C1E  0B0F               	andlw	15
   558  007C20  0A0B               	xorlw	11
   559  007C22  B4D8               	btfsc	status,2,c
   560  007C24  D00A               	goto	l117
   561  007C26  88C6               	bsf	4038,4,c	;volatile
   562  007C28  A69E               	btfss	3998,3,c	;volatile
   563  007C2A  D7FE               	goto	l119
   564  007C2C  A4C7               	btfss	4039,2,c	;volatile
   565  007C2E  B0C7               	btfsc	4039,0,c	;volatile
   566  007C30  D002               	goto	l121
   567  007C32  0EFE               	movlw	254
   568  007C34  0012               	return	
   569  007C36                     l121:
   570  007C36  0E00               	movlw	0
   571  007C38  0012               	return	
   572  007C3A                     l117:
   573  007C3A  50C6               	movf	4038,w,c	;volatile
   574  007C3C  0B0F               	andlw	15
   575  007C3E  0A08               	xorlw	8
   576  007C40  B4D8               	btfsc	status,2,c
   577  007C42  D005               	goto	u100
   578  007C44  50C6               	movf	4038,w,c	;volatile
   579  007C46  0B0F               	andlw	15
   580  007C48  0A0B               	xorlw	11
   581  007C4A  A4D8               	btfss	status,2,c
   582  007C4C  0012               	return	
   583  007C4E                     u100:
   584  007C4E  B0C7               	btfsc	4039,0,c	;volatile
   585  007C50  D7FE               	goto	u100
   586  007C52  EC8E  F03D         	call	_IdleI2C	;wreg free
   587  007C56  ACC5               	btfss	4037,6,c	;volatile
   588  007C58  D002               	goto	l130
   589  007C5A  0EFE               	movlw	254
   590  007C5C  0012               	return	
   591  007C5E                     l130:
   592  007C5E  0E00               	movlw	0
   593  007C60  0012               	return	
   594  007C62                     __end_of_WriteI2C:
   595                           	opt stack 0
   596                           tblptru	equ	0xFF8
   597                           tblptrh	equ	0xFF7
   598                           tblptrl	equ	0xFF6
   599                           tablat	equ	0xFF5
   600                           prodh	equ	0xFF4
   601                           prodl	equ	0xFF3
   602                           postinc0	equ	0xFEE
   603                           wreg	equ	0xFE8
   604                           postdec1	equ	0xFE5
   605                           fsr1l	equ	0xFE1
   606                           indf2	equ	0xFDF
   607                           fsr2h	equ	0xFDA
   608                           fsr2l	equ	0xFD9
   609                           status	equ	0xFD8
   610                           
   611 ;; *************** function _IdleI2C *****************
   612 ;; Defined at:
   613 ;;		line 24 in file "C:\Program Files\Microchip\xc8\v1.44\sources\pic18\plib\i2c\i2c_idle.c"
   614 ;; Parameters:    Size  Location     Type
   615 ;;		None
   616 ;; Auto vars:     Size  Location     Type
   617 ;;		None
   618 ;; Return value:  Size  Location     Type
   619 ;;                  1    wreg      void 
   620 ;; Registers used:
   621 ;;		wreg, status,2, status,0
   622 ;; Tracked objects:
   623 ;;		On entry : 0/0
   624 ;;		On exit  : 0/0
   625 ;;		Unchanged: 0/0
   626 ;; Data sizes:     COMRAM   BANK0   BANK1   BANK2   BANK3   BANK4   BANK5
   627 ;;      Params:         0       0       0       0       0       0       0
   628 ;;      Locals:         0       0       0       0       0       0       0
   629 ;;      Temps:          1       0       0       0       0       0       0
   630 ;;      Totals:         1       0       0       0       0       0       0
   631 ;;Total ram usage:        1 bytes
   632 ;; Hardware stack levels used:    1
   633 ;; This function calls:
   634 ;;		Nothing
   635 ;; This function is called by:
   636 ;;		_WriteI2C
   637 ;; This function uses a non-reentrant model
   638 ;;
   639                           
   640                           	psect	text3
   641  007B1C                     __ptext3:
   642                           	opt stack 0
   643  007B1C                     _IdleI2C:
   644                           	opt stack 28
   645                           
   646                           ;incstack = 0
   647  007B1C  CFC5 F02B          	movff	4037,??_IdleI2C	;volatile
   648  007B20  0E1F               	movlw	31
   649  007B22  162B               	andwf	??_IdleI2C,f,c
   650  007B24  A4D8               	btfss	status,2,c
   651  007B26  D7FA               	goto	_IdleI2C
   652  007B28  A4C7               	btfss	4039,2,c	;volatile
   653  007B2A  0012               	return	
   654  007B2C  D7F7               	goto	_IdleI2C
   655  007B2E                     __end_of_IdleI2C:
   656                           	opt stack 0
   657                           tblptru	equ	0xFF8
   658                           tblptrh	equ	0xFF7
   659                           tblptrl	equ	0xFF6
   660                           tablat	equ	0xFF5
   661                           prodh	equ	0xFF4
   662                           prodl	equ	0xFF3
   663                           postinc0	equ	0xFEE
   664                           wreg	equ	0xFE8
   665                           postdec1	equ	0xFE5
   666                           fsr1l	equ	0xFE1
   667                           indf2	equ	0xFDF
   668                           fsr2h	equ	0xFDA
   669                           fsr2l	equ	0xFD9
   670                           status	equ	0xFD8
   671                           
   672 ;; *************** function _ReadI2C *****************
   673 ;; Defined at:
   674 ;;		line 11 in file "C:\Program Files\Microchip\xc8\v1.44\sources\pic18\plib\i2c\i2c_read.c"
   675 ;; Parameters:    Size  Location     Type
   676 ;;		None
   677 ;; Auto vars:     Size  Location     Type
   678 ;;		None
   679 ;; Return value:  Size  Location     Type
   680 ;;                  1    wreg      unsigned char 
   681 ;; Registers used:
   682 ;;		wreg, status,2, status,0
   683 ;; Tracked objects:
   684 ;;		On entry : 0/0
   685 ;;		On exit  : 0/0
   686 ;;		Unchanged: 0/0
   687 ;; Data sizes:     COMRAM   BANK0   BANK1   BANK2   BANK3   BANK4   BANK5
   688 ;;      Params:         0       0       0       0       0       0       0
   689 ;;      Locals:         0       0       0       0       0       0       0
   690 ;;      Temps:          0       0       0       0       0       0       0
   691 ;;      Totals:         0       0       0       0       0       0       0
   692 ;;Total ram usage:        0 bytes
   693 ;; Hardware stack levels used:    1
   694 ;; This function calls:
   695 ;;		Nothing
   696 ;; This function is called by:
   697 ;;		_main
   698 ;; This function uses a non-reentrant model
   699 ;;
   700                           
   701                           	psect	text4
   702  007B44                     __ptext4:
   703                           	opt stack 0
   704  007B44                     _ReadI2C:
   705                           	opt stack 30
   706                           
   707                           ;incstack = 0
   708  007B44  50C6               	movf	4038,w,c	;volatile
   709  007B46  0B0F               	andlw	15
   710  007B48  0A08               	xorlw	8
   711  007B4A  B4D8               	btfsc	status,2,c
   712  007B4C  D004               	goto	u140
   713  007B4E  50C6               	movf	4038,w,c	;volatile
   714  007B50  0B0F               	andlw	15
   715  007B52  0A0B               	xorlw	11
   716  007B54  B4D8               	btfsc	status,2,c
   717  007B56                     u140:
   718  007B56  86C5               	bsf	4037,3,c	;volatile
   719  007B58  A0C7               	btfss	4039,0,c	;volatile
   720  007B5A  D7FE               	goto	l91
   721  007B5C  50C9               	movf	4041,w,c	;volatile
   722  007B5E  0012               	return	
   723  007B60                     __end_of_ReadI2C:
   724                           	opt stack 0
   725                           tblptru	equ	0xFF8
   726                           tblptrh	equ	0xFF7
   727                           tblptrl	equ	0xFF6
   728                           tablat	equ	0xFF5
   729                           prodh	equ	0xFF4
   730                           prodl	equ	0xFF3
   731                           postinc0	equ	0xFEE
   732                           wreg	equ	0xFE8
   733                           postdec1	equ	0xFE5
   734                           fsr1l	equ	0xFE1
   735                           indf2	equ	0xFDF
   736                           fsr2h	equ	0xFDA
   737                           fsr2l	equ	0xFD9
   738                           status	equ	0xFD8
   739                           
   740 ;; *************** function _OpenI2C *****************
   741 ;; Defined at:
   742 ;;		line 14 in file "C:\Program Files\Microchip\xc8\v1.44\sources\pic18\plib\i2c\i2c_open.c"
   743 ;; Parameters:    Size  Location     Type
   744 ;;  sync_mode       1    wreg     unsigned char 
   745 ;;  slew            1    0[COMRAM] unsigned char 
   746 ;; Auto vars:     Size  Location     Type
   747 ;;  sync_mode       1    1[COMRAM] unsigned char 
   748 ;; Return value:  Size  Location     Type
   749 ;;                  1    wreg      void 
   750 ;; Registers used:
   751 ;;		wreg, status,2, status,0
   752 ;; Tracked objects:
   753 ;;		On entry : 0/0
   754 ;;		On exit  : 0/0
   755 ;;		Unchanged: 0/0
   756 ;; Data sizes:     COMRAM   BANK0   BANK1   BANK2   BANK3   BANK4   BANK5
   757 ;;      Params:         1       0       0       0       0       0       0
   758 ;;      Locals:         1       0       0       0       0       0       0
   759 ;;      Temps:          0       0       0       0       0       0       0
   760 ;;      Totals:         2       0       0       0       0       0       0
   761 ;;Total ram usage:        2 bytes
   762 ;; Hardware stack levels used:    1
   763 ;; This function calls:
   764 ;;		Nothing
   765 ;; This function is called by:
   766 ;;		_main
   767 ;; This function uses a non-reentrant model
   768 ;;
   769                           
   770                           	psect	text5
   771  007B60                     __ptext5:
   772                           	opt stack 0
   773  007B60                     _OpenI2C:
   774                           	opt stack 30
   775                           
   776                           ;incstack = 0
   777                           ;OpenI2C@sync_mode stored from wreg
   778  007B60  6E2C               	movwf	OpenI2C@sync_mode,c
   779  007B62  0E3F               	movlw	63
   780  007B64  16C7               	andwf	4039,f,c	;volatile
   781  007B66  0E00               	movlw	0
   782  007B68  6EC6               	movwf	4038,c	;volatile
   783  007B6A  0E00               	movlw	0
   784  007B6C  6EC5               	movwf	4037,c	;volatile
   785  007B6E  502C               	movf	OpenI2C@sync_mode,w,c
   786  007B70  12C6               	iorwf	4038,f,c	;volatile
   787  007B72  502B               	movf	OpenI2C@slew,w,c
   788  007B74  12C7               	iorwf	4039,f,c	;volatile
   789  007B76  8694               	bsf	3988,3,c	;volatile
   790  007B78  8894               	bsf	3988,4,c	;volatile
   791  007B7A  8AC6               	bsf	4038,5,c	;volatile
   792  007B7C  0012               	return		;funcret
   793  007B7E                     __end_of_OpenI2C:
   794                           	opt stack 0
   795  0000                     tblptru	equ	0xFF8
   796                           tblptrh	equ	0xFF7
   797                           tblptrl	equ	0xFF6
   798                           tablat	equ	0xFF5
   799                           prodh	equ	0xFF4
   800                           prodl	equ	0xFF3
   801                           postinc0	equ	0xFEE
   802                           wreg	equ	0xFE8
   803                           postdec1	equ	0xFE5
   804                           fsr1l	equ	0xFE1
   805                           indf2	equ	0xFDF
   806                           fsr2h	equ	0xFDA
   807                           fsr2l	equ	0xFD9
   808                           status	equ	0xFD8
   809                           tblptru	equ	0xFF8
   810                           tblptrh	equ	0xFF7
   811                           tblptrl	equ	0xFF6
   812                           tablat	equ	0xFF5
   813                           prodh	equ	0xFF4
   814                           prodl	equ	0xFF3
   815                           postinc0	equ	0xFEE
   816                           wreg	equ	0xFE8
   817                           postdec1	equ	0xFE5
   818                           fsr1l	equ	0xFE1
   819                           indf2	equ	0xFDF
   820                           fsr2h	equ	0xFDA
   821                           fsr2l	equ	0xFD9
   822                           status	equ	0xFD8
   823                           
   824                           	psect	rparam
   825  0000                     tblptru	equ	0xFF8
   826                           tblptrh	equ	0xFF7
   827                           tblptrl	equ	0xFF6
   828                           tablat	equ	0xFF5
   829                           prodh	equ	0xFF4
   830                           prodl	equ	0xFF3
   831                           postinc0	equ	0xFEE
   832                           wreg	equ	0xFE8
   833                           postdec1	equ	0xFE5
   834                           fsr1l	equ	0xFE1
   835                           indf2	equ	0xFDF
   836                           fsr2h	equ	0xFDA
   837                           fsr2l	equ	0xFD9
   838                           status	equ	0xFD8


Data Sizes:
    Strings     0
    Constant    0
    Data        21
    BSS         21
    Persistent  0
    Stack       0

Auto Spaces:
    Space          Size  Autos    Used
    COMRAM          127     10      52
    BANK0           128      0       0
    BANK1           256      0       0
    BANK2           256      0       0
    BANK3           256      0       0
    BANK4           256      0       0
    BANK5           239      0       0

Pointer List with Targets:

    putsI2C@wrptr	PTR unsigned char  size(2) Largest target is 21
		 -> I2C_Send(COMRAM[21]), 


Critical Paths under _main in COMRAM

    _main->_putsI2C
    _putsI2C->_WriteI2C
    _WriteI2C->_IdleI2C

Critical Paths under _main in BANK0

    None.

Critical Paths under _main in BANK1

    None.

Critical Paths under _main in BANK2

    None.

Critical Paths under _main in BANK3

    None.

Critical Paths under _main in BANK4

    None.

Critical Paths under _main in BANK5

    None.

Call Graph Tables:

 ---------------------------------------------------------------------------------
 (Depth) Function   	        Calls       Base Space   Used Autos Params    Refs
 ---------------------------------------------------------------------------------
 (0) _main                                                 7     7      0     487
                                              5 COMRAM     5     5      0
                            _OpenI2C
                            _ReadI2C
                            _putsI2C
 ---------------------------------------------------------------------------------
 (1) _putsI2C                                              3     1      2     203
                                              2 COMRAM     3     1      2
                           _WriteI2C
 ---------------------------------------------------------------------------------
 (2) _WriteI2C                                             1     1      0      15
                                              1 COMRAM     1     1      0
                            _IdleI2C
 ---------------------------------------------------------------------------------
 (3) _IdleI2C                                              1     1      0       0
                                              0 COMRAM     1     1      0
 ---------------------------------------------------------------------------------
 (1) _ReadI2C                                              0     0      0       0
 ---------------------------------------------------------------------------------
 (1) _OpenI2C                                              2     1      1     120
                                              0 COMRAM     2     1      1
 ---------------------------------------------------------------------------------
 Estimated maximum stack depth 3
 ---------------------------------------------------------------------------------

 Call Graph Graphs:

 _main (ROOT)
   _OpenI2C
   _ReadI2C
   _putsI2C
     _WriteI2C
       _IdleI2C

 Address spaces:
Name               Size   Autos  Total    Cost      Usage
BIGRAM             5EE      0       0      16        0.0%
EEDATA             100      0       0       0        0.0%
BITBANK4           100      0       0      11        0.0%
BANK4              100      0       0      12        0.0%
BITBANK3           100      0       0       9        0.0%
BANK3              100      0       0      10        0.0%
BITBANK2           100      0       0       7        0.0%
BANK2              100      0       0       8        0.0%
BITBANK1           100      0       0       5        0.0%
BANK1              100      0       0       6        0.0%
BITBANK5            EF      0       0      15        0.0%
BANK5               EF      0       0      13        0.0%
BITBANK0            80      0       0       3        0.0%
BANK0               80      0       0       4        0.0%
BITCOMRAM           7F      0       0       0        0.0%
COMRAM              7F      A      34       1       40.9%
BITSFR_5             0      0       0     200        0.0%
SFR_5                0      0       0     200        0.0%
BITSFR_4             0      0       0     200        0.0%
SFR_4                0      0       0     200        0.0%
BITSFR_3             0      0       0     200        0.0%
SFR_3                0      0       0     200        0.0%
BITSFR_2             0      0       0     200        0.0%
SFR_2                0      0       0     200        0.0%
BITSFR_1             0      0       0     200        0.0%
SFR_1                0      0       0     200        0.0%
BITSFR               0      0       0     200        0.0%
SFR                  0      0       0     200        0.0%
STACK                0      0       0       2        0.0%
NULL                 0      0       0       0        0.0%
ABS                  0      0      34      14        0.0%
DATA                 0      0      34      17        0.0%
CODE                 0      0       0       0        0.0%


Microchip Technology PIC18 Macro Assembler V1.44 build -154322312 
Symbol Table                                                                                   Wed Dec 13 21:06:21 2017

            _SSPSTATbits 000FC7                       l23 7C7A                       l26 7CAA  
                     l43 7CFE                       l28 7CB4                       l70 7BF2  
                     l71 7BB2                       l72 7BD0                       l91 7B58  
                     l77 7BE0                       l79 7BEE              __CFG_BORV$3 000000  
           __CFG_CP0$OFF 000000             __CFG_CP1$OFF 000000             __CFG_CP2$OFF 000000  
           __CFG_CP3$OFF 000000                      l121 7C36                      l130 7C5E  
                    l114 7C12                      l117 7C3A                      l119 7C28  
                    l945 7C72             __CFG_CPB$OFF 000000                      u100 7C4E  
                    u140 7B56                      u410 7CD8                      u420 7CDC  
                    u440 7CEA                      u450 7CFC             __CFG_CPD$OFF 000000  
                    u380 7C92                      prod 000FF3                      wreg 000FE8  
           __CFG_IESO$ON 000000             __CFG_LVP$OFF 000000             __CFG_WDT$OFF 000000  
           __CFG_WDTPS$1 000000                     _main 7C62                     fsr2h 000FDA  
                   indf2 000FDF                     fsr1l 000FE1                     fsr2l 000FD9  
                   prodl 000FF3                     start 0002             putsI2C@wrptr 002D  
        __end_of_IdleI2C 7B2E            __CFG_MCLRE$ON 000000             ___param_bank 000000  
        __end_of_ReadI2C 7B60          __end_of_OpenI2C 7B7E                    ?_main 002B  
          __CFG_PWRT$OFF 000000            __CFG_WRT0$OFF 000000            __CFG_WRT1$OFF 000000  
          __CFG_WRT2$OFF 000000            __CFG_WRT3$OFF 000000           __CFG_EBTR0$OFF 000000  
         __CFG_FCMEN$OFF 000000           __CFG_EBTR1$OFF 000000           __CFG_EBTR2$OFF 000000  
         __CFG_EBTR3$OFF 000000            __CFG_WRTB$OFF 000000            __CFG_WRTC$OFF 000000  
          __CFG_WRTD$OFF 000000           __CFG_EBTRB$OFF 000000                    main@i 0034  
                  tablat 000FF5          __end_of_putsI2C 7C04                    status 000FD8  
         __CFG_PBADEN$ON 000000          __initialization 7B7E             __end_of_main 7D00  
                 ??_main 0030            __activetblptr 000000         __end_of_WriteI2C 7C62  
            OpenI2C@slew 002B                ??_IdleI2C 002B                   _SSPADD 000FC8  
                 _SSPBUF 000FC9                ??_ReadI2C 002B                ??_OpenI2C 002C  
         __CFG_XINST$OFF 000000           __CFG_STVREN$ON 000000                   clear_0 7BA4  
           __pdataCOMRAM 0016                   tblptrh 000FF7                   tblptrl 000FF6  
                 tblptru 000FF8                ??_putsI2C 002F               __accesstop 0080  
__end_of__initialization 7BAA            main@sync_mode 0031            ___rparam_used 000001  
         __pcstackCOMRAM 002B                ?_WriteI2C 002B                  _SSPCON1 000FC6  
                _SSPCON2 000FC5                  _SSPSTAT 000FC7                  _IdleI2C 7B1C  
                _ReadI2C 7B44                  _OpenI2C 7B60                  __Hparam 0000  
                __Lparam 0000                  __pcinit 7B7E               ??_WriteI2C 002C  
                __ramtop 0600                  __ptext0 7C62                  __ptext1 7BB0  
                __ptext2 7C04                  __ptext3 7B1C                  __ptext4 7B44  
                __ptext5 7B60                  _putsI2C 7BB0             __SSPSTATbits 000FC7  
   end_of_initialization 7BAA                  postdec1 000FE5                  postinc0 000FEE  
              _TRISCbits 000F94               main@length 0033              putsI2C@temp 002F  
          __pidataCOMRAM 7B2F      start_initialization 7B7E         WriteI2C@data_out 002C  
       __CFG_OSC$INTIO67 000000         __CFG_LPT1OSC$OFF 000000        __size_of_WriteI2C 005E  
            __pbssCOMRAM 0001                 ?_IdleI2C 002B                 ?_ReadI2C 002B  
               ?_OpenI2C 002B        __CFG_CCP2MX$PORTC 000000                 _I2C_Recv 0001  
               _I2C_Send 0016                 ?_putsI2C 002D                 _PIR1bits 000F9E  
              copy_data0 7B92         OpenI2C@sync_mode 002C         __size_of_IdleI2C 0012  
       __size_of_ReadI2C 001C                 __Hrparam 0000         __size_of_OpenI2C 001E  
               __Lrparam 0000       __CFG_BOREN$SBORDIS 000000                 _WriteI2C 7C04  
       __size_of_putsI2C 0054            __size_of_main 009E                 main@temp 0030  
               main@slew 0032              _SSPCON1bits 000FC6              _SSPCON2bits 000FC5  
