

Microchip Technology PIC18 LITE Macro Assembler V1.44 build -154322312 
                                                                                               Tue Dec 12 23:38:47 2017

Microchip Technology Omniscient Code Generator v1.44 (Free mode) build 201709140600
     1                           	processor	18F4520
     2                           	fnconf	rparam,??,?,0
     3                           	opt	pw 120
     4                           	opt	lm
     5                           	psect	idataCOMRAM,global,class=CODE,delta=1,noexec
     6                           	psect	cinit,global,reloc=2,class=CODE,delta=1
     7                           	psect	bssCOMRAM,global,class=COMRAM,space=1,delta=1,noexec
     8                           	psect	dataCOMRAM,global,class=COMRAM,space=1,delta=1,noexec
     9                           	psect	cstackCOMRAM,global,class=COMRAM,space=1,delta=1,noexec
    10                           	psect	text0,global,reloc=2,class=CODE,delta=1
    11                           	psect	text1,global,reloc=2,class=CODE,delta=1,group=1
    12                           	psect	text2,global,reloc=2,class=CODE,delta=1,group=1
    13                           	psect	text3,global,reloc=2,class=CODE,delta=1,group=1
    14                           	psect	text4,global,reloc=2,class=CODE,delta=1,group=1
    15                           	psect	text5,global,reloc=2,class=CODE,delta=1,group=1
    16                           	psect	intsave_regs,global,class=BIGRAM,space=1,delta=1,noexec
    17                           	psect	rparam,global,class=COMRAM,space=1,delta=1,noexec
    18  0000                     
    19                           ; Version 1.44
    20                           ; Generated 14/09/2017 GMT
    21                           ; 
    22                           ; Copyright © 2017, Microchip Technology Inc. and its subsidiaries ("Microchip")
    23                           ; All rights reserved.
    24                           ; 
    25                           ; This software is developed by Microchip Technology Inc. and its subsidiaries ("Microch
      +                          ip").
    26                           ; 
    27                           ; Redistribution and use in source and binary forms, with or without modification, are
    28                           ; permitted provided that the following conditions are met:
    29                           ; 
    30                           ;     1. Redistributions of source code must retain the above copyright notice, this lis
      +                          t of
    31                           ;        conditions and the following disclaimer.
    32                           ; 
    33                           ;     2. Redistributions in binary form must reproduce the above copyright notice, this 
      +                          list
    34                           ;        of conditions and the following disclaimer in the documentation and/or other
    35                           ;        materials provided with the distribution.
    36                           ; 
    37                           ;     3. Microchip's name may not be used to endorse or promote products derived from th
      +                          is
    38                           ;        software without specific prior written permission.
    39                           ; 
    40                           ; THIS SOFTWARE IS PROVIDED BY MICROCHIP "AS IS" AND ANY EXPRESS OR IMPLIED WARRANTIES,
    41                           ; INCLUDING, BUT NOT LIMITED TO, THE IMPLIED WARRANTIES OF MERCHANTABILITY AND FITNESS F
      +                          OR
    42                           ; PURPOSE ARE DISCLAIMED.  IN NO EVENT SHALL MICROCHIP BE LIABLE FOR ANY DIRECT, INDIREC
      +                          T,
    43                           ; INCIDENTAL, SPECIAL, EXEMPLARY, OR CONSEQUENTIAL DAMAGES (INCLUDING BUT NOT LIMITED TO
    44                           ; PROCUREMENT OF SUBSTITUTE GOODS OR SERVICES; LOSS OF USE, DATA OR PROFITS; OR BUSINESS
    45                           ; INTERRUPTION) HOWSOEVER CAUSED AND ON ANY THEORY OF LIABILITY, WHETHER IN CONTRACT, ST
      +                          RICT
    46                           ; LIABILITY, OR TORT (INCLUDING NEGLIGENCE OR OTHERWISE) ARISING IN ANY WAY OUT OF THE U
      +                          SE OF
    47                           ; THIS SOFTWARE, EVEN IF ADVISED OF THE POSSIBILITY OF SUCH DAMAGE.
    48                           ; 
    49                           ; 
    50                           ; Code-generator required, PIC18F4520 Definitions
    51                           ; 
    52                           ; SFR Addresses
    53  0000                     
    54                           	psect	idataCOMRAM
    55  007E2B                     __pidataCOMRAM:
    56                           	opt stack 0
    57                           
    58                           ;initializer for _I2C_Send
    59  007E2B  4D                 	db	77
    60  007E2C  49                 	db	73
    61  007E2D  43                 	db	67
    62  007E2E  52                 	db	82
    63  007E2F  4F                 	db	79
    64  007E30  43                 	db	67
    65  007E31  48                 	db	72
    66  007E32  49                 	db	73
    67  007E33  50                 	db	80
    68  007E34  3A                 	db	58
    69  007E35  49                 	db	73
    70  007E36  32                 	db	50
    71  007E37  43                 	db	67
    72  007E38  5F                 	db	95
    73  007E39  53                 	db	83
    74  007E3A  4C                 	db	76
    75  007E3B  41                 	db	65
    76  007E3C  56                 	db	86
    77  007E3D  45                 	db	69
    78  007E3E  00                 	db	0
    79  007E3F  00                 	db	0
    80  0000                     _SSPCON2bits	set	4037
    81  0000                     _SSPSTATbits	set	4039
    82  0000                     _SSPBUF	set	4041
    83  0000                     _PIR1bits	set	3998
    84  0000                     _SSPCON1bits	set	4038
    85  0000                     _TRISCbits	set	3988
    86  0000                     _SSPCON2	set	4037
    87  0000                     _SSPSTAT	set	4039
    88  0000                     __SSPSTATbits	set	4039
    89  0000                     _SSPADD	set	4040
    90  0000                     _SSPCON1	set	4038
    91                           
    92                           ; #config settings
    93  0000                     
    94                           	psect	cinit
    95  007E7A                     __pcinit:
    96                           	opt stack 0
    97  007E7A                     start_initialization:
    98                           	opt stack 0
    99  007E7A                     __initialization:
   100                           	opt stack 0
   101                           
   102                           ; Initialize objects allocated to COMRAM (21 bytes)
   103                           ; load TBLPTR registers with __pidataCOMRAM
   104  007E7A  0E2B               	movlw	low __pidataCOMRAM
   105  007E7C  6EF6               	movwf	tblptrl,c
   106  007E7E  0E7E               	movlw	high __pidataCOMRAM
   107  007E80  6EF7               	movwf	tblptrh,c
   108  007E82  0E00               	movlw	low (__pidataCOMRAM shr (0+16))
   109  007E84  6EF8               	movwf	tblptru,c
   110  007E86  EE00  F016         	lfsr	0,__pdataCOMRAM
   111  007E8A  EE10 F015          	lfsr	1,21
   112  007E8E                     copy_data0:
   113  007E8E  0009               	tblrd		*+
   114  007E90  CFF5 FFEE          	movff	tablat,postinc0
   115  007E94  50E5               	movf	postdec1,w,c
   116  007E96  50E1               	movf	fsr1l,w,c
   117  007E98  E1FA               	bnz	copy_data0
   118                           
   119                           ; Clear objects allocated to COMRAM (21 bytes)
   120  007E9A  EE00  F001         	lfsr	0,__pbssCOMRAM
   121  007E9E  0E15               	movlw	21
   122  007EA0                     clear_0:
   123  007EA0  6AEE               	clrf	postinc0,c
   124  007EA2  06E8               	decf	wreg,f,c
   125  007EA4  E1FD               	bnz	clear_0
   126  007EA6                     end_of_initialization:
   127                           	opt stack 0
   128  007EA6                     __end_of__initialization:
   129                           	opt stack 0
   130  007EA6  0100               	movlb	0
   131  007EA8  EFAF  F03F         	goto	_main	;jump to C main() function
   132                           tblptru	equ	0xFF8
   133                           tblptrh	equ	0xFF7
   134                           tblptrl	equ	0xFF6
   135                           tablat	equ	0xFF5
   136                           postinc0	equ	0xFEE
   137                           wreg	equ	0xFE8
   138                           postdec1	equ	0xFE5
   139                           fsr1l	equ	0xFE1
   140                           
   141                           	psect	bssCOMRAM
   142  000001                     __pbssCOMRAM:
   143                           	opt stack 0
   144  000001                     _I2C_Recv:
   145                           	opt stack 0
   146  000001                     	ds	21
   147                           tblptru	equ	0xFF8
   148                           tblptrh	equ	0xFF7
   149                           tblptrl	equ	0xFF6
   150                           tablat	equ	0xFF5
   151                           postinc0	equ	0xFEE
   152                           wreg	equ	0xFE8
   153                           postdec1	equ	0xFE5
   154                           fsr1l	equ	0xFE1
   155                           
   156                           	psect	dataCOMRAM
   157  000016                     __pdataCOMRAM:
   158                           	opt stack 0
   159  000016                     _I2C_Send:
   160                           	opt stack 0
   161  000016                     	ds	21
   162                           tblptru	equ	0xFF8
   163                           tblptrh	equ	0xFF7
   164                           tblptrl	equ	0xFF6
   165                           tablat	equ	0xFF5
   166                           postinc0	equ	0xFEE
   167                           wreg	equ	0xFE8
   168                           postdec1	equ	0xFE5
   169                           fsr1l	equ	0xFE1
   170                           
   171                           	psect	cstackCOMRAM
   172  00002B                     __pcstackCOMRAM:
   173                           	opt stack 0
   174  00002B                     ??_IdleI2C:
   175  00002B                     OpenI2C@slew:
   176                           	opt stack 0
   177                           
   178                           ; 1 bytes @ 0x0
   179  00002B                     	ds	1
   180  00002C                     OpenI2C@sync_mode:
   181                           	opt stack 0
   182  00002C                     WriteI2C@data_out:
   183                           	opt stack 0
   184                           
   185                           ; 1 bytes @ 0x1
   186  00002C                     	ds	1
   187  00002D                     putsI2C@wrptr:
   188                           	opt stack 0
   189                           
   190                           ; 2 bytes @ 0x2
   191  00002D                     	ds	2
   192  00002F                     putsI2C@temp:
   193                           	opt stack 0
   194                           
   195                           ; 1 bytes @ 0x4
   196  00002F                     	ds	1
   197  000030                     main@add1:
   198                           	opt stack 0
   199                           
   200                           ; 1 bytes @ 0x5
   201  000030                     	ds	1
   202  000031                     main@temp:
   203                           	opt stack 0
   204                           
   205                           ; 1 bytes @ 0x6
   206  000031                     	ds	1
   207  000032                     main@sync_mode:
   208                           	opt stack 0
   209                           
   210                           ; 1 bytes @ 0x7
   211  000032                     	ds	1
   212  000033                     main@slew:
   213                           	opt stack 0
   214                           
   215                           ; 1 bytes @ 0x8
   216  000033                     	ds	1
   217  000034                     main@length:
   218                           	opt stack 0
   219                           
   220                           ; 1 bytes @ 0x9
   221  000034                     	ds	1
   222  000035                     main@i:
   223                           	opt stack 0
   224                           
   225                           ; 1 bytes @ 0xA
   226  000035                     	ds	1
   227                           tblptru	equ	0xFF8
   228                           tblptrh	equ	0xFF7
   229                           tblptrl	equ	0xFF6
   230                           tablat	equ	0xFF5
   231                           postinc0	equ	0xFEE
   232                           wreg	equ	0xFE8
   233                           postdec1	equ	0xFE5
   234                           fsr1l	equ	0xFE1
   235                           
   236 ;;
   237 ;;Main: autosize = 0, tempsize = 0, incstack = 0, save=0
   238 ;;
   239 ;; *************** function _main *****************
   240 ;; Defined at:
   241 ;;		line 67 in file "newmain.c"
   242 ;; Parameters:    Size  Location     Type
   243 ;;		None
   244 ;; Auto vars:     Size  Location     Type
   245 ;;  i               1   10[COMRAM] unsigned char 
   246 ;;  length          1    9[COMRAM] unsigned char 
   247 ;;  slew            1    8[COMRAM] unsigned char 
   248 ;;  sync_mode       1    7[COMRAM] unsigned char 
   249 ;;  temp            1    6[COMRAM] unsigned char 
   250 ;;  add1            1    5[COMRAM] unsigned char 
   251 ;;  status          1    0        unsigned char 
   252 ;; Return value:  Size  Location     Type
   253 ;;                  1    wreg      void 
   254 ;; Registers used:
   255 ;;		wreg, fsr2l, fsr2h, status,2, status,0, prodl, prodh, cstack
   256 ;; Tracked objects:
   257 ;;		On entry : 0/0
   258 ;;		On exit  : 0/0
   259 ;;		Unchanged: 0/0
   260 ;; Data sizes:     COMRAM   BANK0   BANK1   BANK2   BANK3   BANK4   BANK5
   261 ;;      Params:         0       0       0       0       0       0       0
   262 ;;      Locals:         6       0       0       0       0       0       0
   263 ;;      Temps:          0       0       0       0       0       0       0
   264 ;;      Totals:         6       0       0       0       0       0       0
   265 ;;Total ram usage:        6 bytes
   266 ;; Hardware stack levels required when called:    3
   267 ;; This function calls:
   268 ;;		_OpenI2C
   269 ;;		_ReadI2C
   270 ;;		_putsI2C
   271 ;; This function is called by:
   272 ;;		Startup code after reset
   273 ;; This function uses a non-reentrant model
   274 ;;
   275                           
   276                           	psect	text0
   277  007F5E                     __ptext0:
   278                           	opt stack 0
   279  007F5E                     _main:
   280                           	opt stack 28
   281                           
   282                           ;newmain.c: 68: unsigned char sync_mode=0, slew = 0,add1,status,temp,i,length=0;
   283                           
   284                           ;incstack = 0
   285  007F5E  0E00               	movlw	0
   286  007F60  6E32               	movwf	main@sync_mode,c
   287  007F62  0E00               	movlw	0
   288  007F64  6E33               	movwf	main@slew,c
   289  007F66  0E00               	movlw	0
   290  007F68  6E34               	movwf	main@length,c
   291                           
   292                           ;newmain.c: 69: for(i=0;i<21;i++)
   293  007F6A  0E00               	movlw	0
   294  007F6C  6E35               	movwf	main@i,c
   295  007F6E                     l947:
   296  007F6E  0E14               	movlw	20
   297  007F70  6435               	cpfsgt	main@i,c
   298  007F72  D001               	goto	l23
   299  007F74  D00C               	goto	u380
   300  007F76                     l23:
   301                           
   302                           ;newmain.c: 70: I2C_Recv[i]=0;
   303  007F76  5035               	movf	main@i,w,c
   304  007F78  0D01               	mullw	1
   305  007F7A  0E01               	movlw	low _I2C_Recv
   306  007F7C  24F3               	addwf	prodl,w,c
   307  007F7E  6ED9               	movwf	fsr2l,c
   308  007F80  0E00               	movlw	high _I2C_Recv
   309  007F82  20F4               	addwfc	prodh,w,c
   310  007F84  6EDA               	movwf	fsr2h,c
   311  007F86  0E00               	movlw	0
   312  007F88  6EDF               	movwf	indf2,c
   313  007F8A  2A35               	incf	main@i,f,c
   314  007F8C  D7F0               	goto	l947
   315  007F8E                     u380:
   316                           
   317                           ;newmain.c: 71: add1 = 0xA2;
   318  007F8E  0EA2               	movlw	162
   319  007F90  6E30               	movwf	main@add1,c
   320                           
   321                           ;newmain.c: 72: SSPCON1 &=0xDF;
   322  007F92  9AC6               	bcf	4038,5,c	;volatile
   323                           
   324                           ;newmain.c: 73: sync_mode = 0b00000110;
   325  007F94  0E06               	movlw	6
   326  007F96  6E32               	movwf	main@sync_mode,c
   327                           
   328                           ;newmain.c: 74: slew = 0b10000000;
   329  007F98  0E80               	movlw	128
   330  007F9A  6E33               	movwf	main@slew,c
   331                           
   332                           ;newmain.c: 75: OpenI2C(sync_mode,slew);
   333  007F9C  C033  F02B         	movff	main@slew,OpenI2C@slew
   334  007FA0  5032               	movf	main@sync_mode,w,c
   335  007FA2  EC2E  F03F         	call	_OpenI2C
   336                           
   337                           ;newmain.c: 76: SSPADD=0xA2;
   338  007FA6  0EA2               	movlw	162
   339  007FA8  6EC8               	movwf	4040,c	;volatile
   340  007FAA  A0C7               	btfss	4039,0,c	;volatile
   341  007FAC  D7FE               	goto	l26
   342                           
   343                           ;newmain.c: 78: temp=ReadI2C();
   344  007FAE  EC20  F03F         	call	_ReadI2C	;wreg free
   345  007FB2  6E31               	movwf	main@temp,c
   346  007FB4                     
   347                           ;newmain.c: 81: while((_SSPSTATbits.BF)==0);
   348  007FB4  A0C7               	btfss	4039,0,c	;volatile
   349  007FB6  D7FE               	goto	l28
   350                           
   351                           ;newmain.c: 82: I2C_Recv[length++]=ReadI2C();
   352  007FB8  5034               	movf	main@length,w,c
   353  007FBA  0D01               	mullw	1
   354  007FBC  0E01               	movlw	low _I2C_Recv
   355  007FBE  24F3               	addwf	prodl,w,c
   356  007FC0  6ED9               	movwf	fsr2l,c
   357  007FC2  0E00               	movlw	high _I2C_Recv
   358  007FC4  20F4               	addwfc	prodh,w,c
   359  007FC6  6EDA               	movwf	fsr2h,c
   360  007FC8  EC20  F03F         	call	_ReadI2C	;wreg free
   361  007FCC  6EDF               	movwf	indf2,c
   362  007FCE  2A34               	incf	main@length,f,c
   363                           
   364                           ;newmain.c: 83: }
   365                           ;newmain.c: 84: while(length!=20);
   366  007FD0  0E14               	movlw	20
   367  007FD2  1834               	xorwf	main@length,w,c
   368  007FD4  A4D8               	btfss	status,2,c
   369  007FD6  D7EE               	goto	l28
   370  007FD8                     u410:
   371                           
   372                           ;newmain.c: 86: while(_SSPSTATbits.S != 1);
   373  007FD8  A6C7               	btfss	4039,3,c	;volatile
   374  007FDA  D7FE               	goto	u410
   375  007FDC                     u420:
   376                           
   377                           ;newmain.c: 87: while((_SSPSTATbits.BF)==0);
   378  007FDC  A0C7               	btfss	4039,0,c	;volatile
   379  007FDE  D7FE               	goto	u420
   380                           
   381                           ;newmain.c: 88: temp=ReadI2C();
   382  007FE0  EC20  F03F         	call	_ReadI2C	;wreg free
   383  007FE4  6E31               	movwf	main@temp,c
   384                           
   385                           ;newmain.c: 89: if(SSPSTAT & 0x04)
   386  007FE6  A4C7               	btfss	4039,2,c	;volatile
   387  007FE8  D009               	goto	u450
   388  007FEA                     u440:
   389                           
   390                           ;newmain.c: 90: while(putsI2C(I2C_Send));
   391  007FEA  0E16               	movlw	low _I2C_Send
   392  007FEC  6E2D               	movwf	putsI2C@wrptr,c
   393  007FEE  0E00               	movlw	high _I2C_Send
   394  007FF0  6E2E               	movwf	putsI2C@wrptr+1,c
   395  007FF2  EC56  F03F         	call	_putsI2C	;wreg free
   396  007FF6  0900               	iorlw	0
   397  007FF8  A4D8               	btfss	status,2,c
   398  007FFA  D7F7               	goto	u440
   399  007FFC                     u450:
   400                           
   401                           ;newmain.c: 92: SSPCON1 &=0xDF;
   402  007FFC  9AC6               	bcf	4038,5,c	;volatile
   403  007FFE                     l43:
   404  007FFE  D7FF               	goto	l43
   405  008000                     __end_of_main:
   406                           	opt stack 0
   407                           tblptru	equ	0xFF8
   408                           tblptrh	equ	0xFF7
   409                           tblptrl	equ	0xFF6
   410                           tablat	equ	0xFF5
   411                           prodh	equ	0xFF4
   412                           prodl	equ	0xFF3
   413                           postinc0	equ	0xFEE
   414                           wreg	equ	0xFE8
   415                           postdec1	equ	0xFE5
   416                           fsr1l	equ	0xFE1
   417                           indf2	equ	0xFDF
   418                           fsr2h	equ	0xFDA
   419                           fsr2l	equ	0xFD9
   420                           status	equ	0xFD8
   421                           
   422 ;; *************** function _putsI2C *****************
   423 ;; Defined at:
   424 ;;		line 19 in file "C:\Program Files\Microchip\xc8\v1.44\sources\pic18\plib\i2c\i2c_puts.c"
   425 ;; Parameters:    Size  Location     Type
   426 ;;  wrptr           2    2[COMRAM] PTR unsigned char 
   427 ;;		 -> I2C_Send(21), 
   428 ;; Auto vars:     Size  Location     Type
   429 ;;  temp            1    4[COMRAM] unsigned char 
   430 ;; Return value:  Size  Location     Type
   431 ;;                  1    wreg      char 
   432 ;; Registers used:
   433 ;;		wreg, fsr2l, fsr2h, status,2, status,0, cstack
   434 ;; Tracked objects:
   435 ;;		On entry : 0/0
   436 ;;		On exit  : 0/0
   437 ;;		Unchanged: 0/0
   438 ;; Data sizes:     COMRAM   BANK0   BANK1   BANK2   BANK3   BANK4   BANK5
   439 ;;      Params:         2       0       0       0       0       0       0
   440 ;;      Locals:         1       0       0       0       0       0       0
   441 ;;      Temps:          0       0       0       0       0       0       0
   442 ;;      Totals:         3       0       0       0       0       0       0
   443 ;;Total ram usage:        3 bytes
   444 ;; Hardware stack levels used:    1
   445 ;; Hardware stack levels required when called:    2
   446 ;; This function calls:
   447 ;;		_WriteI2C
   448 ;; This function is called by:
   449 ;;		_main
   450 ;; This function uses a non-reentrant model
   451 ;;
   452                           
   453                           	psect	text1
   454  007EAC                     __ptext1:
   455                           	opt stack 0
   456  007EAC                     _putsI2C:
   457                           	opt stack 28
   458                           
   459                           ;incstack = 0
   460  007EAC  D020               	goto	l70
   461  007EAE                     l71:
   462  007EAE  A6C6               	btfss	4038,3,c	;volatile
   463  007EB0  D00D               	goto	l72
   464  007EB2  C02D  FFD9         	movff	putsI2C@wrptr,fsr2l
   465  007EB6  C02E  FFDA         	movff	putsI2C@wrptr+1,fsr2h
   466  007EBA  50DF               	movf	indf2,w,c
   467  007EBC  EC80  F03F         	call	_WriteI2C
   468  007EC0  6E2F               	movwf	putsI2C@temp,c
   469  007EC2  502F               	movf	putsI2C@temp,w,c
   470  007EC4  B4D8               	btfsc	status,2,c
   471  007EC6  D011               	goto	l79
   472  007EC8  502F               	movf	putsI2C@temp,w,c
   473  007ECA  0012               	return	
   474  007ECC                     l72:
   475  007ECC  969E               	bcf	3998,3,c	;volatile
   476  007ECE  C02D  FFD9         	movff	putsI2C@wrptr,fsr2l
   477  007ED2  C02E  FFDA         	movff	putsI2C@wrptr+1,fsr2h
   478  007ED6  50DF               	movf	indf2,w,c
   479  007ED8  6EC9               	movwf	4041,c	;volatile
   480  007EDA  88C6               	bsf	4038,4,c	;volatile
   481  007EDC  A69E               	btfss	3998,3,c	;volatile
   482  007EDE  D7FE               	goto	l77
   483  007EE0  B8C6               	btfsc	4038,4,c	;volatile
   484  007EE2  B0C7               	btfsc	4039,0,c	;volatile
   485  007EE4  D002               	goto	l79
   486  007EE6  0EFE               	movlw	254
   487  007EE8  0012               	return	
   488  007EEA                     l79:
   489  007EEA  4A2D               	infsnz	putsI2C@wrptr,f,c
   490  007EEC  2A2E               	incf	putsI2C@wrptr+1,f,c
   491  007EEE                     l70:
   492  007EEE  C02D  FFD9         	movff	putsI2C@wrptr,fsr2l
   493  007EF2  C02E  FFDA         	movff	putsI2C@wrptr+1,fsr2h
   494  007EF6  50DF               	movf	indf2,w,c
   495  007EF8  A4D8               	btfss	status,2,c
   496  007EFA  D7D9               	goto	l71
   497  007EFC  0E00               	movlw	0
   498  007EFE  0012               	return	
   499  007F00                     __end_of_putsI2C:
   500                           	opt stack 0
   501                           tblptru	equ	0xFF8
   502                           tblptrh	equ	0xFF7
   503                           tblptrl	equ	0xFF6
   504                           tablat	equ	0xFF5
   505                           prodh	equ	0xFF4
   506                           prodl	equ	0xFF3
   507                           postinc0	equ	0xFEE
   508                           wreg	equ	0xFE8
   509                           postdec1	equ	0xFE5
   510                           fsr1l	equ	0xFE1
   511                           indf2	equ	0xFDF
   512                           fsr2h	equ	0xFDA
   513                           fsr2l	equ	0xFD9
   514                           status	equ	0xFD8
   515                           
   516 ;; *************** function _WriteI2C *****************
   517 ;; Defined at:
   518 ;;		line 12 in file "C:\Program Files\Microchip\xc8\v1.44\sources\pic18\plib\i2c\i2c_writ.c"
   519 ;; Parameters:    Size  Location     Type
   520 ;;  data_out        1    wreg     unsigned char 
   521 ;; Auto vars:     Size  Location     Type
   522 ;;  data_out        1    1[COMRAM] unsigned char 
   523 ;; Return value:  Size  Location     Type
   524 ;;                  1    wreg      char 
   525 ;; Registers used:
   526 ;;		wreg, status,2, status,0, cstack
   527 ;; Tracked objects:
   528 ;;		On entry : 0/0
   529 ;;		On exit  : 0/0
   530 ;;		Unchanged: 0/0
   531 ;; Data sizes:     COMRAM   BANK0   BANK1   BANK2   BANK3   BANK4   BANK5
   532 ;;      Params:         0       0       0       0       0       0       0
   533 ;;      Locals:         1       0       0       0       0       0       0
   534 ;;      Temps:          0       0       0       0       0       0       0
   535 ;;      Totals:         1       0       0       0       0       0       0
   536 ;;Total ram usage:        1 bytes
   537 ;; Hardware stack levels used:    1
   538 ;; Hardware stack levels required when called:    1
   539 ;; This function calls:
   540 ;;		_IdleI2C
   541 ;; This function is called by:
   542 ;;		_putsI2C
   543 ;; This function uses a non-reentrant model
   544 ;;
   545                           
   546                           	psect	text2
   547  007F00                     __ptext2:
   548                           	opt stack 0
   549  007F00                     _WriteI2C:
   550                           	opt stack 28
   551                           
   552                           ;incstack = 0
   553                           ;WriteI2C@data_out stored from wreg
   554  007F00  6E2C               	movwf	WriteI2C@data_out,c
   555  007F02  C02C  FFC9         	movff	WriteI2C@data_out,4041	;volatile
   556  007F06  AEC6               	btfss	4038,7,c	;volatile
   557  007F08  D002               	goto	l114
   558  007F0A  0EFF               	movlw	255
   559  007F0C  0012               	return	
   560  007F0E                     l114:
   561  007F0E  50C6               	movf	4038,w,c	;volatile
   562  007F10  0B0F               	andlw	15
   563  007F12  0A08               	xorlw	8
   564  007F14  B4D8               	btfsc	status,2,c
   565  007F16  D00F               	goto	l117
   566  007F18  50C6               	movf	4038,w,c	;volatile
   567  007F1A  0B0F               	andlw	15
   568  007F1C  0A0B               	xorlw	11
   569  007F1E  B4D8               	btfsc	status,2,c
   570  007F20  D00A               	goto	l117
   571  007F22  88C6               	bsf	4038,4,c	;volatile
   572  007F24  A69E               	btfss	3998,3,c	;volatile
   573  007F26  D7FE               	goto	l119
   574  007F28  A4C7               	btfss	4039,2,c	;volatile
   575  007F2A  B0C7               	btfsc	4039,0,c	;volatile
   576  007F2C  D002               	goto	l121
   577  007F2E  0EFE               	movlw	254
   578  007F30  0012               	return	
   579  007F32                     l121:
   580  007F32  0E00               	movlw	0
   581  007F34  0012               	return	
   582  007F36                     l117:
   583  007F36  50C6               	movf	4038,w,c	;volatile
   584  007F38  0B0F               	andlw	15
   585  007F3A  0A08               	xorlw	8
   586  007F3C  B4D8               	btfsc	status,2,c
   587  007F3E  D005               	goto	u100
   588  007F40  50C6               	movf	4038,w,c	;volatile
   589  007F42  0B0F               	andlw	15
   590  007F44  0A0B               	xorlw	11
   591  007F46  A4D8               	btfss	status,2,c
   592  007F48  0012               	return	
   593  007F4A                     u100:
   594  007F4A  B0C7               	btfsc	4039,0,c	;volatile
   595  007F4C  D7FE               	goto	u100
   596  007F4E  EC0C  F03F         	call	_IdleI2C	;wreg free
   597  007F52  ACC5               	btfss	4037,6,c	;volatile
   598  007F54  D002               	goto	l130
   599  007F56  0EFE               	movlw	254
   600  007F58  0012               	return	
   601  007F5A                     l130:
   602  007F5A  0E00               	movlw	0
   603  007F5C  0012               	return	
   604  007F5E                     __end_of_WriteI2C:
   605                           	opt stack 0
   606                           tblptru	equ	0xFF8
   607                           tblptrh	equ	0xFF7
   608                           tblptrl	equ	0xFF6
   609                           tablat	equ	0xFF5
   610                           prodh	equ	0xFF4
   611                           prodl	equ	0xFF3
   612                           postinc0	equ	0xFEE
   613                           wreg	equ	0xFE8
   614                           postdec1	equ	0xFE5
   615                           fsr1l	equ	0xFE1
   616                           indf2	equ	0xFDF
   617                           fsr2h	equ	0xFDA
   618                           fsr2l	equ	0xFD9
   619                           status	equ	0xFD8
   620                           
   621 ;; *************** function _IdleI2C *****************
   622 ;; Defined at:
   623 ;;		line 24 in file "C:\Program Files\Microchip\xc8\v1.44\sources\pic18\plib\i2c\i2c_idle.c"
   624 ;; Parameters:    Size  Location     Type
   625 ;;		None
   626 ;; Auto vars:     Size  Location     Type
   627 ;;		None
   628 ;; Return value:  Size  Location     Type
   629 ;;                  1    wreg      void 
   630 ;; Registers used:
   631 ;;		wreg, status,2, status,0
   632 ;; Tracked objects:
   633 ;;		On entry : 0/0
   634 ;;		On exit  : 0/0
   635 ;;		Unchanged: 0/0
   636 ;; Data sizes:     COMRAM   BANK0   BANK1   BANK2   BANK3   BANK4   BANK5
   637 ;;      Params:         0       0       0       0       0       0       0
   638 ;;      Locals:         0       0       0       0       0       0       0
   639 ;;      Temps:          1       0       0       0       0       0       0
   640 ;;      Totals:         1       0       0       0       0       0       0
   641 ;;Total ram usage:        1 bytes
   642 ;; Hardware stack levels used:    1
   643 ;; This function calls:
   644 ;;		Nothing
   645 ;; This function is called by:
   646 ;;		_WriteI2C
   647 ;; This function uses a non-reentrant model
   648 ;;
   649                           
   650                           	psect	text3
   651  007E18                     __ptext3:
   652                           	opt stack 0
   653  007E18                     _IdleI2C:
   654                           	opt stack 28
   655                           
   656                           ;incstack = 0
   657  007E18  CFC5 F02B          	movff	4037,??_IdleI2C	;volatile
   658  007E1C  0E1F               	movlw	31
   659  007E1E  162B               	andwf	??_IdleI2C,f,c
   660  007E20  A4D8               	btfss	status,2,c
   661  007E22  D7FA               	goto	_IdleI2C
   662  007E24  A4C7               	btfss	4039,2,c	;volatile
   663  007E26  0012               	return	
   664  007E28  D7F7               	goto	_IdleI2C
   665  007E2A                     __end_of_IdleI2C:
   666                           	opt stack 0
   667                           tblptru	equ	0xFF8
   668                           tblptrh	equ	0xFF7
   669                           tblptrl	equ	0xFF6
   670                           tablat	equ	0xFF5
   671                           prodh	equ	0xFF4
   672                           prodl	equ	0xFF3
   673                           postinc0	equ	0xFEE
   674                           wreg	equ	0xFE8
   675                           postdec1	equ	0xFE5
   676                           fsr1l	equ	0xFE1
   677                           indf2	equ	0xFDF
   678                           fsr2h	equ	0xFDA
   679                           fsr2l	equ	0xFD9
   680                           status	equ	0xFD8
   681                           
   682 ;; *************** function _ReadI2C *****************
   683 ;; Defined at:
   684 ;;		line 11 in file "C:\Program Files\Microchip\xc8\v1.44\sources\pic18\plib\i2c\i2c_read.c"
   685 ;; Parameters:    Size  Location     Type
   686 ;;		None
   687 ;; Auto vars:     Size  Location     Type
   688 ;;		None
   689 ;; Return value:  Size  Location     Type
   690 ;;                  1    wreg      unsigned char 
   691 ;; Registers used:
   692 ;;		wreg, status,2, status,0
   693 ;; Tracked objects:
   694 ;;		On entry : 0/0
   695 ;;		On exit  : 0/0
   696 ;;		Unchanged: 0/0
   697 ;; Data sizes:     COMRAM   BANK0   BANK1   BANK2   BANK3   BANK4   BANK5
   698 ;;      Params:         0       0       0       0       0       0       0
   699 ;;      Locals:         0       0       0       0       0       0       0
   700 ;;      Temps:          0       0       0       0       0       0       0
   701 ;;      Totals:         0       0       0       0       0       0       0
   702 ;;Total ram usage:        0 bytes
   703 ;; Hardware stack levels used:    1
   704 ;; This function calls:
   705 ;;		Nothing
   706 ;; This function is called by:
   707 ;;		_main
   708 ;; This function uses a non-reentrant model
   709 ;;
   710                           
   711                           	psect	text4
   712  007E40                     __ptext4:
   713                           	opt stack 0
   714  007E40                     _ReadI2C:
   715                           	opt stack 30
   716                           
   717                           ;incstack = 0
   718  007E40  50C6               	movf	4038,w,c	;volatile
   719  007E42  0B0F               	andlw	15
   720  007E44  0A08               	xorlw	8
   721  007E46  B4D8               	btfsc	status,2,c
   722  007E48  D004               	goto	u140
   723  007E4A  50C6               	movf	4038,w,c	;volatile
   724  007E4C  0B0F               	andlw	15
   725  007E4E  0A0B               	xorlw	11
   726  007E50  B4D8               	btfsc	status,2,c
   727  007E52                     u140:
   728  007E52  86C5               	bsf	4037,3,c	;volatile
   729  007E54  A0C7               	btfss	4039,0,c	;volatile
   730  007E56  D7FE               	goto	l91
   731  007E58  50C9               	movf	4041,w,c	;volatile
   732  007E5A  0012               	return	
   733  007E5C                     __end_of_ReadI2C:
   734                           	opt stack 0
   735                           tblptru	equ	0xFF8
   736                           tblptrh	equ	0xFF7
   737                           tblptrl	equ	0xFF6
   738                           tablat	equ	0xFF5
   739                           prodh	equ	0xFF4
   740                           prodl	equ	0xFF3
   741                           postinc0	equ	0xFEE
   742                           wreg	equ	0xFE8
   743                           postdec1	equ	0xFE5
   744                           fsr1l	equ	0xFE1
   745                           indf2	equ	0xFDF
   746                           fsr2h	equ	0xFDA
   747                           fsr2l	equ	0xFD9
   748                           status	equ	0xFD8
   749                           
   750 ;; *************** function _OpenI2C *****************
   751 ;; Defined at:
   752 ;;		line 14 in file "C:\Program Files\Microchip\xc8\v1.44\sources\pic18\plib\i2c\i2c_open.c"
   753 ;; Parameters:    Size  Location     Type
   754 ;;  sync_mode       1    wreg     unsigned char 
   755 ;;  slew            1    0[COMRAM] unsigned char 
   756 ;; Auto vars:     Size  Location     Type
   757 ;;  sync_mode       1    1[COMRAM] unsigned char 
   758 ;; Return value:  Size  Location     Type
   759 ;;                  1    wreg      void 
   760 ;; Registers used:
   761 ;;		wreg, status,2, status,0
   762 ;; Tracked objects:
   763 ;;		On entry : 0/0
   764 ;;		On exit  : 0/0
   765 ;;		Unchanged: 0/0
   766 ;; Data sizes:     COMRAM   BANK0   BANK1   BANK2   BANK3   BANK4   BANK5
   767 ;;      Params:         1       0       0       0       0       0       0
   768 ;;      Locals:         1       0       0       0       0       0       0
   769 ;;      Temps:          0       0       0       0       0       0       0
   770 ;;      Totals:         2       0       0       0       0       0       0
   771 ;;Total ram usage:        2 bytes
   772 ;; Hardware stack levels used:    1
   773 ;; This function calls:
   774 ;;		Nothing
   775 ;; This function is called by:
   776 ;;		_main
   777 ;; This function uses a non-reentrant model
   778 ;;
   779                           
   780                           	psect	text5
   781  007E5C                     __ptext5:
   782                           	opt stack 0
   783  007E5C                     _OpenI2C:
   784                           	opt stack 30
   785                           
   786                           ;incstack = 0
   787                           ;OpenI2C@sync_mode stored from wreg
   788  007E5C  6E2C               	movwf	OpenI2C@sync_mode,c
   789  007E5E  0E3F               	movlw	63
   790  007E60  16C7               	andwf	4039,f,c	;volatile
   791  007E62  0E00               	movlw	0
   792  007E64  6EC6               	movwf	4038,c	;volatile
   793  007E66  0E00               	movlw	0
   794  007E68  6EC5               	movwf	4037,c	;volatile
   795  007E6A  502C               	movf	OpenI2C@sync_mode,w,c
   796  007E6C  12C6               	iorwf	4038,f,c	;volatile
   797  007E6E  502B               	movf	OpenI2C@slew,w,c
   798  007E70  12C7               	iorwf	4039,f,c	;volatile
   799  007E72  8694               	bsf	3988,3,c	;volatile
   800  007E74  8894               	bsf	3988,4,c	;volatile
   801  007E76  8AC6               	bsf	4038,5,c	;volatile
   802  007E78  0012               	return		;funcret
   803  007E7A                     __end_of_OpenI2C:
   804                           	opt stack 0
   805  0000                     tblptru	equ	0xFF8
   806                           tblptrh	equ	0xFF7
   807                           tblptrl	equ	0xFF6
   808                           tablat	equ	0xFF5
   809                           prodh	equ	0xFF4
   810                           prodl	equ	0xFF3
   811                           postinc0	equ	0xFEE
   812                           wreg	equ	0xFE8
   813                           postdec1	equ	0xFE5
   814                           fsr1l	equ	0xFE1
   815                           indf2	equ	0xFDF
   816                           fsr2h	equ	0xFDA
   817                           fsr2l	equ	0xFD9
   818                           status	equ	0xFD8
   819                           tblptru	equ	0xFF8
   820                           tblptrh	equ	0xFF7
   821                           tblptrl	equ	0xFF6
   822                           tablat	equ	0xFF5
   823                           prodh	equ	0xFF4
   824                           prodl	equ	0xFF3
   825                           postinc0	equ	0xFEE
   826                           wreg	equ	0xFE8
   827                           postdec1	equ	0xFE5
   828                           fsr1l	equ	0xFE1
   829                           indf2	equ	0xFDF
   830                           fsr2h	equ	0xFDA
   831                           fsr2l	equ	0xFD9
   832                           status	equ	0xFD8
   833                           
   834                           	psect	rparam
   835  0000                     tblptru	equ	0xFF8
   836                           tblptrh	equ	0xFF7
   837                           tblptrl	equ	0xFF6
   838                           tablat	equ	0xFF5
   839                           prodh	equ	0xFF4
   840                           prodl	equ	0xFF3
   841                           postinc0	equ	0xFEE
   842                           wreg	equ	0xFE8
   843                           postdec1	equ	0xFE5
   844                           fsr1l	equ	0xFE1
   845                           indf2	equ	0xFDF
   846                           fsr2h	equ	0xFDA
   847                           fsr2l	equ	0xFD9
   848                           status	equ	0xFD8


Data Sizes:
    Strings     0
    Constant    0
    Data        21
    BSS         21
    Persistent  0
    Stack       0

Auto Spaces:
    Space          Size  Autos    Used
    COMRAM          127     11      53
    BANK0           128      0       0
    BANK1           256      0       0
    BANK2           256      0       0
    BANK3           256      0       0
    BANK4           256      0       0
    BANK5           256      0       0

Pointer List with Targets:

    putsI2C@wrptr	PTR unsigned char  size(2) Largest target is 21
		 -> I2C_Send(COMRAM[21]), 


Critical Paths under _main in COMRAM

    _main->_putsI2C
    _putsI2C->_WriteI2C
    _WriteI2C->_IdleI2C

Critical Paths under _main in BANK0

    None.

Critical Paths under _main in BANK1

    None.

Critical Paths under _main in BANK2

    None.

Critical Paths under _main in BANK3

    None.

Critical Paths under _main in BANK4

    None.

Critical Paths under _main in BANK5

    None.

Call Graph Tables:

 ---------------------------------------------------------------------------------
 (Depth) Function   	        Calls       Base Space   Used Autos Params    Refs
 ---------------------------------------------------------------------------------
 (0) _main                                                 7     7      0     488
                                              5 COMRAM     6     6      0
                            _OpenI2C
                            _ReadI2C
                            _putsI2C
 ---------------------------------------------------------------------------------
 (1) _putsI2C                                              3     1      2     203
                                              2 COMRAM     3     1      2
                           _WriteI2C
 ---------------------------------------------------------------------------------
 (2) _WriteI2C                                             1     1      0      15
                                              1 COMRAM     1     1      0
                            _IdleI2C
 ---------------------------------------------------------------------------------
 (3) _IdleI2C                                              1     1      0       0
                                              0 COMRAM     1     1      0
 ---------------------------------------------------------------------------------
 (1) _ReadI2C                                              0     0      0       0
 ---------------------------------------------------------------------------------
 (1) _OpenI2C                                              2     1      1     120
                                              0 COMRAM     2     1      1
 ---------------------------------------------------------------------------------
 Estimated maximum stack depth 3
 ---------------------------------------------------------------------------------

 Call Graph Graphs:

 _main (ROOT)
   _OpenI2C
   _ReadI2C
   _putsI2C
     _WriteI2C
       _IdleI2C

 Address spaces:
Name               Size   Autos  Total    Cost      Usage
BIGRAM             5FF      0       0      17        0.0%
EEDATA             100      0       0       0        0.0%
BITBANK5           100      0       0      16        0.0%
BANK5              100      0       0      14        0.0%
BITBANK4           100      0       0      12        0.0%
BANK4              100      0       0      13        0.0%
BITBANK3           100      0       0      10        0.0%
BANK3              100      0       0      11        0.0%
BITBANK2           100      0       0       8        0.0%
BANK2              100      0       0       9        0.0%
BITBANK1           100      0       0       6        0.0%
BANK1              100      0       0       7        0.0%
BITBANK0            80      0       0       4        0.0%
BANK0               80      0       0       5        0.0%
BITCOMRAM           7F      0       0       0        0.0%
COMRAM              7F      B      35       1       41.7%
BITSFR               0      0       0     200        0.0%
SFR                  0      0       0     200        0.0%
STACK                0      0       0       2        0.0%
NULL                 0      0       0       0        0.0%
ABS                  0      0      35      15        0.0%
DATA                 0      0      35       3        0.0%
CODE                 0      0       0       0        0.0%


Microchip Technology PIC18 Macro Assembler V1.44 build -154322312 
Symbol Table                                                                                   Tue Dec 12 23:38:47 2017

            _SSPSTATbits 000FC7                       l23 7F76                       l26 7FAA  
                     l43 7FFE                       l28 7FB4                       l70 7EEE  
                     l71 7EAE                       l72 7ECC                       l91 7E54  
                     l77 7EDC                       l79 7EEA              __CFG_BORV$3 000000  
           __CFG_CP0$OFF 000000             __CFG_CP1$OFF 000000             __CFG_CP2$OFF 000000  
           __CFG_CP3$OFF 000000                      l121 7F32                      l130 7F5A  
                    l114 7F0E                      l117 7F36                      l119 7F24  
                    l947 7F6E             __CFG_CPB$OFF 000000                      u100 7F4A  
                    u140 7E52                      u410 7FD8                      u420 7FDC  
                    u440 7FEA                      u450 7FFC             __CFG_CPD$OFF 000000  
                    u380 7F8E                      prod 000FF3                      wreg 000FE8  
           __CFG_IESO$ON 000000             __CFG_LVP$OFF 000000             __CFG_WDT$OFF 000000  
           __CFG_WDTPS$1 000000                     _main 7F5E                     fsr2h 000FDA  
                   indf2 000FDF                     fsr1l 000FE1                     fsr2l 000FD9  
                   prodl 000FF3                     start 0000             putsI2C@wrptr 002D  
        __end_of_IdleI2C 7E2A            __CFG_MCLRE$ON 000000             ___param_bank 000000  
        __end_of_ReadI2C 7E5C          __end_of_OpenI2C 7E7A                    ?_main 002B  
          __CFG_PWRT$OFF 000000            __CFG_WRT0$OFF 000000            __CFG_WRT1$OFF 000000  
          __CFG_WRT2$OFF 000000            __CFG_WRT3$OFF 000000           __CFG_EBTR0$OFF 000000  
         __CFG_FCMEN$OFF 000000           __CFG_EBTR1$OFF 000000           __CFG_EBTR2$OFF 000000  
         __CFG_EBTR3$OFF 000000            __CFG_WRTB$OFF 000000            __CFG_WRTC$OFF 000000  
          __CFG_WRTD$OFF 000000           __CFG_EBTRB$OFF 000000                    main@i 0035  
                  tablat 000FF5          __end_of_putsI2C 7F00                    status 000FD8  
         __CFG_PBADEN$ON 000000          __initialization 7E7A             __end_of_main 8000  
                 ??_main 0030            __activetblptr 000000         __end_of_WriteI2C 7F5E  
            OpenI2C@slew 002B                ??_IdleI2C 002B                   _SSPADD 000FC8  
                 _SSPBUF 000FC9                ??_ReadI2C 002B                ??_OpenI2C 002C  
         __CFG_XINST$OFF 000000           __CFG_STVREN$ON 000000                   clear_0 7EA0  
           __pdataCOMRAM 0016                   tblptrh 000FF7                   tblptrl 000FF6  
                 tblptru 000FF8                ??_putsI2C 002F               __accesstop 0080  
__end_of__initialization 7EA6            main@sync_mode 0032            ___rparam_used 000001  
         __pcstackCOMRAM 002B                ?_WriteI2C 002B                  _SSPCON1 000FC6  
                _SSPCON2 000FC5                  _SSPSTAT 000FC7                  _IdleI2C 7E18  
                _ReadI2C 7E40                  _OpenI2C 7E5C                  __Hparam 0000  
                __Lparam 0000                  __pcinit 7E7A               ??_WriteI2C 002C  
                __ramtop 0600                  __ptext0 7F5E                  __ptext1 7EAC  
                __ptext2 7F00                  __ptext3 7E18                  __ptext4 7E40  
                __ptext5 7E5C                  _putsI2C 7EAC             __SSPSTATbits 000FC7  
   end_of_initialization 7EA6                  postdec1 000FE5                  postinc0 000FEE  
              _TRISCbits 000F94               main@length 0034              putsI2C@temp 002F  
          __pidataCOMRAM 7E2B      start_initialization 7E7A         WriteI2C@data_out 002C  
       __CFG_OSC$INTIO67 000000         __CFG_LPT1OSC$OFF 000000        __size_of_WriteI2C 005E  
            __pbssCOMRAM 0001                 ?_IdleI2C 002B                 ?_ReadI2C 002B  
               ?_OpenI2C 002B        __CFG_CCP2MX$PORTC 000000                 _I2C_Recv 0001  
               _I2C_Send 0016                 ?_putsI2C 002D                 _PIR1bits 000F9E  
              copy_data0 7E8E         OpenI2C@sync_mode 002C         __size_of_IdleI2C 0012  
       __size_of_ReadI2C 001C                 __Hrparam 0000         __size_of_OpenI2C 001E  
               __Lrparam 0000       __CFG_BOREN$SBORDIS 000000                 _WriteI2C 7F00  
       __size_of_putsI2C 0054            __size_of_main 00A2                 main@add1 0030  
               main@temp 0031                 main@slew 0033              _SSPCON1bits 000FC6  
            _SSPCON2bits 000FC5  
